app/build/outputs/logs/manifest-merger-debug-report.txt
-- Merging decision tree log ---
manifest
ADDED from src\main\AndroidManifest.xml:2:1-61:12
	package
		ADDED from src\main\AndroidManifest.xml:3:5-31
		INJECTED from src\main\AndroidManifest.xml
		INJECTED from src\main\AndroidManifest.xml
	android:versionName
		ADDED from src\main\AndroidManifest.xml:5:5-30
		INJECTED from src\main\AndroidManifest.xml
		INJECTED from src\main\AndroidManifest.xml
	android:versionCode
		ADDED from src\main\AndroidManifest.xml:4:5-28
		INJECTED from src\main\AndroidManifest.xml
		INJECTED from src\main\AndroidManifest.xml
	xmlns:android
		ADDED from src\main\AndroidManifest.xml:2:11-69
uses-sdk
ADDED from src\main\AndroidManifest.xml:7:5-9:41
	android:targetSdkVersion
		ADDED from src\main\AndroidManifest.xml:9:9-38
		INJECTED from src\main\AndroidManifest.xml
		INJECTED from src\main\AndroidManifest.xml
	android:minSdkVersion
		ADDED from src\main\AndroidManifest.xml:8:9-35
		INJECTED from src\main\AndroidManifest.xml
		INJECTED from src\main\AndroidManifest.xml
android:uses-permission#android.permission.WRITE_EXTERNAL_STORAGE
ADDED from src\main\AndroidManifest.xml:11:5-89
	android:name
		ADDED from src\main\AndroidManifest.xml:11:30-86
android:uses-permission#android.permission.READ_PHONE_STATE
ADDED from src\main\AndroidManifest.xml:12:5-83
	android:name
		ADDED from src\main\AndroidManifest.xml:12:30-80
android:uses-permission#android.permission.READ_EXTERNAL_STORAGE
ADDED from src\main\AndroidManifest.xml:13:5-88
	android:name
		ADDED from src\main\AndroidManifest.xml:13:30-85
uses-permission#android.permission.INTERNET
ADDED from src\main\AndroidManifest.xml:15:5-67
	android:name
		ADDED from src\main\AndroidManifest.xml:15:22-64
uses-permission#android.permission.ACCESS_NETWORK_STATE
ADDED from src\main\AndroidManifest.xml:16:5-79
	android:name
		ADDED from src\main\AndroidManifest.xml:16:22-76
application
ADDED from src\main\AndroidManifest.xml:18:5-59:19
	android:label
		ADDED from src\main\AndroidManifest.xml:21:9-41
	android:allowBackup
		ADDED from src\main\AndroidManifest.xml:19:9-35
	android:icon
		ADDED from src\main\AndroidManifest.xml:20:9-45
	android:theme
		ADDED from src\main\AndroidManifest.xml:22:9-40
activity#com.example.mipo.MainActivity
ADDED from src\main\AndroidManifest.xml:23:9-31:20
	android:label
		ADDED from src\main\AndroidManifest.xml:25:13-45
	android:name
		ADDED from src\main\AndroidManifest.xml:24:13-57
intent-filter#android.intent.action.MAIN+android.intent.category.LAUNCHER
ADDED from src\main\AndroidManifest.xml:26:13-30:29
action#android.intent.action.MAIN
ADDED from src\main\AndroidManifest.xml:27:17-69
	android:name
		ADDED from src\main\AndroidManifest.xml:27:25-66
category#android.intent.category.LAUNCHER
ADDED from src\main\AndroidManifest.xml:29:17-77
	android:name
		ADDED from src\main\AndroidManifest.xml:29:27-74
activity#com.example.mipo.UserPage
ADDED from src\main\AndroidManifest.xml:32:9-34:15
	android:name
		ADDED from src\main\AndroidManifest.xml:33:13-53
activity#com.example.mipo.DetailedProfileActivity
ADDED from src\main\AndroidManifest.xml:35:9-37:16
	android:name
		ADDED from src\main\AndroidManifest.xml:36:13-68
activity#com.example.mipo.FavoritesPage
ADDED from src\main\AndroidManifest.xml:38:9-40:16
	android:name
		ADDED from src\main\AndroidManifest.xml:39:13-58
activity#com.example.mipo.LoginActivity
ADDED from src\main\AndroidManifest.xml:41:9-43:16
	android:name
		ADDED from src\main\AndroidManifest.xml:42:13-58
activity#com.example.mipo.ChatActivity
ADDED from src\main\AndroidManifest.xml:44:9-46:16
	android:name
		ADDED from src\main\AndroidManifest.xml:45:13-57
activity#com.example.mipo.MainPageActivity
ADDED from src\main\AndroidManifest.xml:47:9-49:16
	android:name
		ADDED from src\main\AndroidManifest.xml:48:13-61
activity#com.example.mipo.FileTestActivity
ADDED from src\main\AndroidManifest.xml:50:9-52:16
	android:name
		ADDED from src\main\AndroidManifest.xml:51:13-61
activity#com.example.mipo.MessagesRoom
ADDED from src\main\AndroidManifest.xml:53:9-55:16
	android:name
		ADDED from src\main\AndroidManifest.xml:54:13-57
activity#com.example.mipo.FilterActivity
ADDED from src\main\AndroidManifest.xml:56:9-58:25
	android:name
		ADDED from src\main\AndroidManifest.xml:57:13-59